07:35:59:226 [ALWAYS]	GUDE Logging Started
07:35:59:227 [INFO]	SqliteResumeCache::SqliteResumeCache basedirectory is null/empty
07:35:59:227 [ERROR]	SqliteResumeCache::CreateSqliteResumeCache creating resume cache pointer failure
07:35:59:227 [ERROR]	Initialize resume cache pointer failure
07:35:59:227 [INFO]	gude policy POLICY_USER limit (2,2,1) chunk 2097152, chunking (UL 0 DL 1), resXfer 1, adapt 0, NSURL 0, timeout 86400 
07:35:59:227 [INFO]	Initialized -- gude-lib version: v0.12.1 app: gude
07:36:05:903 [WARN]	Ignoring attempt to reinit logging to \gude at level 4 retaining 3 days of logs
07:36:05:903 [INFO]	SqliteResumeCache::SqliteResumeCache basedirectory is null/empty
07:36:05:903 [ERROR]	SqliteResumeCache::CreateSqliteResumeCache creating resume cache pointer failure
07:36:05:903 [ERROR]	Initialize resume cache pointer failure
07:36:05:903 [INFO]	gude policy POLICY_USER limit (4,4,1) chunk 2097152, chunking (UL 0 DL 1), resXfer 1, adapt 0, NSURL 1, timeout 86400 
07:36:05:903 [INFO]	Initialized -- gude-lib version: v0.12.1 app: gude
07:48:50:757 [ALWAYS]	GUDE Logging Started
07:48:50:757 [INFO]	SqliteResumeCache::SqliteResumeCache basedirectory is null/empty
07:48:50:757 [ERROR]	SqliteResumeCache::CreateSqliteResumeCache creating resume cache pointer failure
07:48:50:757 [ERROR]	Initialize resume cache pointer failure
07:48:50:757 [INFO]	gude policy POLICY_USER limit (2,2,1) chunk 2097152, chunking (UL 0 DL 1), resXfer 1, adapt 0, NSURL 0, timeout 86400 
07:48:50:757 [INFO]	Initialized -- gude-lib version: v0.12.1 app: gude
07:48:56:485 [WARN]	Ignoring attempt to reinit logging to \gude at level 4 retaining 3 days of logs
07:48:56:485 [INFO]	SqliteResumeCache::SqliteResumeCache basedirectory is null/empty
07:48:56:485 [ERROR]	SqliteResumeCache::CreateSqliteResumeCache creating resume cache pointer failure
07:48:56:485 [ERROR]	Initialize resume cache pointer failure
07:48:56:485 [INFO]	gude policy POLICY_USER limit (4,4,1) chunk 2097152, chunking (UL 0 DL 1), resXfer 1, adapt 0, NSURL 1, timeout 86400 
07:48:56:485 [INFO]	Initialized -- gude-lib version: v0.12.1 app: gude
